<?xml version="1.0" encoding="UTF-8"?>
<!-- Generated by org.testng.reporters.JUnitReportReporter -->
<testsuite hostname="DESKTOP-V5N9R93" failures="0" tests="1" name="StepRunner.N_Runner" time="42.903" errors="0" timestamp="2023-08-29T05:57:10 IST" skipped="0">
  <testcase classname="StepRunner.N_Runner" name="runScenario" time="42.903"/>
  <system-out/>
</testsuite> <!-- StepRunner.N_Runner -->
